<?xml version="1.0" encoding="UTF-8"?>
<!-- Generated by org.testng.reporters.JUnitReportReporter -->
<testsuite hostname="TEJASTANVIHA" failures="0" tests="1" name="seleniumProject.Project1.Test1" time="22.149" errors="0" timestamp="2024-09-18T11:52:20 IST" skipped="0">
  <testcase classname="seleniumProject.Project1.Test1" name="method" time="22.149"/>
  <system-out/>
</testsuite> <!-- seleniumProject.Project1.Test1 -->
