<?xml version="1.0" encoding="UTF-8"?>
<!-- Generated by org.testng.reporters.JUnitReportReporter -->
<testsuite hostname="TEJASTANVIHA" failures="0" tests="1" name="seleniumProject.Project1.Testcase2" time="17.390" errors="0" timestamp="2024-09-19T13:08:57 IST" skipped="0">
  <testcase classname="seleniumProject.Project1.Testcase2" name="loginSucc" time="17.390"/>
  <system-out/>
</testsuite> <!-- seleniumProject.Project1.Testcase2 -->
