<?xml version="1.0" encoding="UTF-8"?>
<!-- Generated by org.testng.reporters.JUnitReportReporter -->
<testsuite hostname="TEJASTANVIHA" failures="0" tests="1" name="seleniumProject.Project1.TestCase1" time="16.551" errors="0" timestamp="2024-09-18T21:04:52 IST" skipped="0">
  <testcase classname="seleniumProject.Project1.TestCase1" name="registernewuser" time="16.551"/>
  <system-out/>
</testsuite> <!-- seleniumProject.Project1.TestCase1 -->
