<?xml version="1.0" encoding="UTF-8"?>
<!-- Generated by org.testng.reporters.JUnitReportReporter -->
<testsuite hostname="TEJASTANVIHA" failures="0" tests="1" name="seleniumProject.Project1.Testcase2" time="28.368" errors="0" timestamp="2024-09-18T18:55:26 IST" skipped="0">
  <testcase classname="seleniumProject.Project1.Testcase2" name="registernewuser" time="28.368"/>
</testsuite> <!-- seleniumProject.Project1.Testcase2 -->
